<?xml version="1.0" encoding="UTF-8"?>
<testng-results skipped="0" failed="0" ignored="0" total="2" passed="2">
  <reporter-output>
  </reporter-output>
  <suite name="Suite" duration-ms="96" started-at="2020-03-17T23:22:55 IST" finished-at="2020-03-17T23:22:55 IST">
    <groups>
    </groups>
    <test name="Test" duration-ms="96" started-at="2020-03-17T23:22:55 IST" finished-at="2020-03-17T23:22:55 IST">
      <class name="ui.pages.test.HomePageTest">
        <test-method status="PASS" signature="search()[pri:0, instance:ui.pages.test.HomePageTest@3e27ba32]" name="search" duration-ms="25" started-at="2020-03-17T23:22:55 IST" finished-at="2020-03-17T23:22:55 IST">
          <reporter-output>
          </reporter-output>
        </test-method> <!-- search -->
        <test-method status="PASS" signature="searchs()[pri:0, instance:ui.pages.test.HomePageTest@3e27ba32]" name="searchs" duration-ms="11" started-at="2020-03-17T23:22:55 IST" finished-at="2020-03-17T23:22:55 IST">
          <reporter-output>
          </reporter-output>
        </test-method> <!-- searchs -->
      </class> <!-- ui.pages.test.HomePageTest -->
    </test> <!-- Test -->
  </suite> <!-- Suite -->
</testng-results>
